1666675360177	geckodriver	INFO	Listening on 127.0.0.1:55629
1666675460201	geckodriver	INFO	Listening on 127.0.0.1:59453
1666675460313	mozrunner::runner	INFO	Running command: "firefox" "--marionette" "--remote-debugging-port" "56247" "--remote-allow-hosts" "localhost" "-no-remote" "-profile" "/tmp/rust_mozprofileMdJCLh"
1666675594374	geckodriver	INFO	Listening on 127.0.0.1:39221
1666675594491	mozrunner::runner	INFO	Running command: "firefox" "--marionette" "--remote-debugging-port" "52423" "--remote-allow-hosts" "localhost" "-no-remote" "-profile" "/tmp/rust_mozprofilewFKOMF"
1666676051868	geckodriver	INFO	Listening on 127.0.0.1:37995
1666676051991	mozrunner::runner	INFO	Running command: "firefox" "--marionette" "--remote-debugging-port" "59637" "--remote-allow-hosts" "localhost" "-no-remote" "-profile" "/tmp/rust_mozprofilej0oIfD"
1666676283616	geckodriver	INFO	Listening on 127.0.0.1:42889
1666676283751	mozrunner::runner	INFO	Running command: "firefox" "--marionette" "--remote-debugging-port" "38557" "--remote-allow-hosts" "localhost" "-no-remote" "-profile" "/tmp/rust_mozprofiletkuSAr"
1666676306380	geckodriver	INFO	Listening on 127.0.0.1:48069
1666676317457	geckodriver	INFO	Listening on 127.0.0.1:49945
1666676317599	mozrunner::runner	INFO	Running command: "firefox" "--marionette" "--remote-debugging-port" "43421" "--remote-allow-hosts" "localhost" "-no-remote" "-profile" "/tmp/rust_mozprofileSNYcdW"
1666676865023	geckodriver	INFO	Listening on 127.0.0.1:50455
1666676865151	mozrunner::runner	INFO	Running command: "firefox" "--marionette" "--remote-debugging-port" "57587" "--remote-allow-hosts" "localhost" "-no-remote" "-profile" "/tmp/rust_mozprofileZNyBO2"
1666676978233	geckodriver	INFO	Listening on 127.0.0.1:42623
1666676978360	mozrunner::runner	INFO	Running command: "firefox" "--marionette" "--remote-debugging-port" "50865" "--remote-allow-hosts" "localhost" "-no-remote" "-profile" "/tmp/rust_mozprofileDq1CUf"
1666677559464	geckodriver	INFO	Listening on 127.0.0.1:38587
1666677559594	mozrunner::runner	INFO	Running command: "firefox" "--marionette" "--remote-debugging-port" "59985" "--remote-allow-hosts" "localhost" "-no-remote" "-profile" "/tmp/rust_mozprofilemKC1Ns"
1666678448084	geckodriver	INFO	Listening on 127.0.0.1:50783
1666678448125	mozrunner::runner	INFO	Running command: "firefox" "--marionette" "--remote-debugging-port" "43895" "--remote-allow-hosts" "localhost" "-no-remote" "-profile" "/tmp/rust_mozprofilecVu8QJ"
[GFX1-]: glxtest: VA-API test failed: missing or old libva-drm library.
1666678448610	Marionette	INFO	Marionette enabled
1666678448613	Marionette	INFO	Listening on port 46551
Read port: 46551
WebDriver BiDi listening on ws://127.0.0.1:43895
1666678448772	RemoteAgent	WARN	TLS certificate errors will be ignored for this session
console.warn: SearchSettings: "get: No settings file exists, new profile?" (new NotFoundError("Could not open the file at /tmp/rust_mozprofilecVu8QJ/search.json.mozlz4", (void 0)))
DevTools listening on ws://127.0.0.1:43895/devtools/browser/6f626c84-6fd0-47ec-a0ad-614c9dfaa993
1666678453379	Marionette	INFO	Stopped listening on port 46551
console.warn: TopSitesFeed: Failed to fetch data from Contile server: NetworkError when attempting to fetch resource.
1666678595871	geckodriver	INFO	Listening on 127.0.0.1:56953
1666678595912	mozrunner::runner	INFO	Running command: "firefox" "--marionette" "--remote-debugging-port" "33253" "--remote-allow-hosts" "localhost" "-no-remote" "-profile" "/tmp/rust_mozprofilekPOti2"
[GFX1-]: glxtest: VA-API test failed: missing or old libva-drm library.
1666678596308	Marionette	INFO	Marionette enabled
1666678596311	Marionette	INFO	Listening on port 42697
Read port: 42697
WebDriver BiDi listening on ws://127.0.0.1:33253
1666678596425	RemoteAgent	WARN	TLS certificate errors will be ignored for this session
console.warn: SearchSettings: "get: No settings file exists, new profile?" (new NotFoundError("Could not open the file at /tmp/rust_mozprofilekPOti2/search.json.mozlz4", (void 0)))
DevTools listening on ws://127.0.0.1:33253/devtools/browser/24b74b2f-3ea6-40fa-bcf9-30c5bdbe7d14
1666678619948	Marionette	WARN	Ignoring event 'DOMContentLoaded' because document has an invalid readyState of 'complete'.
JavaScript warning: https://pagead2.googlesyndication.com/bg/uorw1Q15Z41enm5ok1wjUR_2roEciA9rCBWFXmlrAj4.js line 2 > eval line 5464 > eval line 1 > eval line 1 > eval, line 1: WEBGL_debug_renderer_info is deprecated in Firefox and will be removed. Please use RENDERER.
JavaScript warning: https://pagead2.googlesyndication.com/bg/uorw1Q15Z41enm5ok1wjUR_2roEciA9rCBWFXmlrAj4.js line 2 > eval line 5603 > eval line 1 > eval line 1 > eval, line 1: WEBGL_debug_renderer_info is deprecated in Firefox and will be removed. Please use RENDERER.
JavaScript warning: https://pagead2.googlesyndication.com/bg/uorw1Q15Z41enm5ok1wjUR_2roEciA9rCBWFXmlrAj4.js line 2 > eval line 7161 > eval line 1 > eval line 1 > eval, line 1: WEBGL_debug_renderer_info is deprecated in Firefox and will be removed. Please use RENDERER.
JavaScript warning: https://pagead2.googlesyndication.com/bg/568fMfmsPhabDhBQKM56ETVW7wyafyuYtNw47YmmG7Q.js line 2 > eval line 5293 > eval line 1 > eval line 1 > eval, line 1: WEBGL_debug_renderer_info is deprecated in Firefox and will be removed. Please use RENDERER.
JavaScript warning: https://pagead2.googlesyndication.com/bg/568fMfmsPhabDhBQKM56ETVW7wyafyuYtNw47YmmG7Q.js line 2 > eval line 4501 > eval line 1 > eval line 1 > eval, line 1: WEBGL_debug_renderer_info is deprecated in Firefox and will be removed. Please use RENDERER.
JavaScript warning: https://pagead2.googlesyndication.com/bg/568fMfmsPhabDhBQKM56ETVW7wyafyuYtNw47YmmG7Q.js line 2 > eval line 3191 > eval line 1 > eval line 1 > eval, line 1: WEBGL_debug_renderer_info is deprecated in Firefox and will be removed. Please use RENDERER.
JavaScript warning: https://pagead2.googlesyndication.com/bg/568fMfmsPhabDhBQKM56ETVW7wyafyuYtNw47YmmG7Q.js line 2 > eval line 6862 > eval line 1 > eval line 1 > eval, line 1: WEBGL_debug_renderer_info is deprecated in Firefox and will be removed. Please use RENDERER.
JavaScript warning: https://pagead2.googlesyndication.com/bg/568fMfmsPhabDhBQKM56ETVW7wyafyuYtNw47YmmG7Q.js line 2 > eval line 2223 > eval line 1 > eval line 1 > eval, line 1: WEBGL_debug_renderer_info is deprecated in Firefox and will be removed. Please use RENDERER.
JavaScript warning: https://pagead2.googlesyndication.com/bg/568fMfmsPhabDhBQKM56ETVW7wyafyuYtNw47YmmG7Q.js line 2 > eval line 5638 > eval line 1 > eval line 1 > eval, line 1: WEBGL_debug_renderer_info is deprecated in Firefox and will be removed. Please use RENDERER.
1666678807275	Marionette	WARN	Ignoring event 'pageshow' because document has an invalid readyState of 'uninitialized'.
JavaScript error: https://tpc.googlesyndication.com/sadbundle/$csp%3Der3$/12375985683417174342/index.html#t=2652759386087342566&p=https%3A%2F%2Fgoogleads.g.doubleclick.net, line 2: SyntaxError: illegal character U+200B
JavaScript warning: https://pagead2.googlesyndication.com/bg/568fMfmsPhabDhBQKM56ETVW7wyafyuYtNw47YmmG7Q.js line 2 > eval line 4744 > eval line 1 > eval line 1 > eval, line 1: WEBGL_debug_renderer_info is deprecated in Firefox and will be removed. Please use RENDERER.
JavaScript error: , line 0: TypeError: NetworkError when attempting to fetch resource.
JavaScript error: , line 0: TypeError: NetworkError when attempting to fetch resource.
JavaScript error: , line 0: TypeError: NetworkError when attempting to fetch resource.
JavaScript warning: https://pagead2.googlesyndication.com/bg/568fMfmsPhabDhBQKM56ETVW7wyafyuYtNw47YmmG7Q.js line 2 > eval line 6962 > eval line 1 > eval line 1 > eval, line 1: WEBGL_debug_renderer_info is deprecated in Firefox and will be removed. Please use RENDERER.
JavaScript warning: https://pagead2.googlesyndication.com/bg/568fMfmsPhabDhBQKM56ETVW7wyafyuYtNw47YmmG7Q.js line 2 > eval line 2181 > eval line 1 > eval line 1 > eval, line 1: WEBGL_debug_renderer_info is deprecated in Firefox and will be removed. Please use RENDERER.
JavaScript error: , line 0: TypeError: NetworkError when attempting to fetch resource.
JavaScript error: , line 0: TypeError: NetworkError when attempting to fetch resource.
JavaScript error: , line 0: TypeError: NetworkError when attempting to fetch resource.
JavaScript warning: https://pagead2.googlesyndication.com/bg/568fMfmsPhabDhBQKM56ETVW7wyafyuYtNw47YmmG7Q.js line 2 > eval line 612 > eval line 1 > eval line 1 > eval, line 1: WEBGL_debug_renderer_info is deprecated in Firefox and will be removed. Please use RENDERER.
JavaScript error: , line 0: TypeError: NetworkError when attempting to fetch resource.
JavaScript error: , line 0: TypeError: NetworkError when attempting to fetch resource.
JavaScript error: , line 0: TypeError: NetworkError when attempting to fetch resource.
JavaScript error: , line 0: TypeError: NetworkError when attempting to fetch resource.
JavaScript warning: https://pagead2.googlesyndication.com/bg/568fMfmsPhabDhBQKM56ETVW7wyafyuYtNw47YmmG7Q.js line 2 > eval line 6638 > eval line 1 > eval line 1 > eval, line 1: WEBGL_debug_renderer_info is deprecated in Firefox and will be removed. Please use RENDERER.
JavaScript error: , line 0: TypeError: NetworkError when attempting to fetch resource.
JavaScript error: , line 0: TypeError: NetworkError when attempting to fetch resource.
JavaScript error: , line 0: TypeError: NetworkError when attempting to fetch resource.
JavaScript error: , line 0: TypeError: NetworkError when attempting to fetch resource.
JavaScript warning: https://pagead2.googlesyndication.com/bg/568fMfmsPhabDhBQKM56ETVW7wyafyuYtNw47YmmG7Q.js line 2 > eval line 314 > eval line 1 > eval line 1 > eval, line 1: WEBGL_debug_renderer_info is deprecated in Firefox and will be removed. Please use RENDERER.
JavaScript warning: https://pagead2.googlesyndication.com/bg/568fMfmsPhabDhBQKM56ETVW7wyafyuYtNw47YmmG7Q.js line 2 > eval line 3982 > eval line 1 > eval line 1 > eval, line 1: WEBGL_debug_renderer_info is deprecated in Firefox and will be removed. Please use RENDERER.
1666679043505	Marionette	INFO	Stopped listening on port 42697
Marionette threw an error: TypeError: browsingContext.currentWindowGlobal is null
getMarionetteCommandsActorProxy/get/<@chrome://remote/content/marionette/actors/MarionetteCommandsParent.jsm:337:29

console.warn: TopSitesFeed: Failed to fetch data from Contile server: NetworkError when attempting to fetch resource.
1666679043609	geckodriver::marionette	ERROR	Failed to close browser connection: Socket not connected (os error 107)
[2022-10-25T06:24:03Z ERROR glean_core] Can't persist ping lifetime data: Error { kind: Rkv(IoError(Os { code: 2, kind: NotFound, message: "No such file or directory" })) }
1666679767748	geckodriver	INFO	Listening on 127.0.0.1:46305
1666679767787	mozrunner::runner	INFO	Running command: "firefox" "--marionette" "--remote-debugging-port" "43289" "--remote-allow-hosts" "localhost" "-no-remote" "-profile" "/tmp/rust_mozprofileMOWmVJ"
[GFX1-]: glxtest: VA-API test failed: missing or old libva-drm library.
1666679768181	Marionette	INFO	Marionette enabled
1666679768183	Marionette	INFO	Listening on port 34367
Read port: 34367
WebDriver BiDi listening on ws://127.0.0.1:43289
1666679768309	RemoteAgent	WARN	TLS certificate errors will be ignored for this session
console.warn: SearchSettings: "get: No settings file exists, new profile?" (new NotFoundError("Could not open the file at /tmp/rust_mozprofileMOWmVJ/search.json.mozlz4", (void 0)))
DevTools listening on ws://127.0.0.1:43289/devtools/browser/f88b3616-feb7-484e-8f42-e267ec33a61e
JavaScript warning: https://pagead2.googlesyndication.com/bg/uorw1Q15Z41enm5ok1wjUR_2roEciA9rCBWFXmlrAj4.js line 2 > eval line 4762 > eval line 1 > eval line 1 > eval, line 1: WEBGL_debug_renderer_info is deprecated in Firefox and will be removed. Please use RENDERER.
JavaScript warning: https://pagead2.googlesyndication.com/bg/568fMfmsPhabDhBQKM56ETVW7wyafyuYtNw47YmmG7Q.js line 2 > eval line 5704 > eval line 1 > eval line 1 > eval, line 1: WEBGL_debug_renderer_info is deprecated in Firefox and will be removed. Please use RENDERER.
[Child 57642, MediaDecoderStateMachine #1] WARNING: Decoder=7f07a662f600 Decode error: NS_ERROR_DOM_MEDIA_FATAL_ERR (0x806e0005) - Error no decoder found for video/avc: file /build/firefox-5h8OA0/firefox-106.0.1+build1/dom/media/MediaDecoderStateMachineBase.cpp:151
JavaScript error: , line 0: TypeError: NetworkError when attempting to fetch resource.
JavaScript error: , line 0: TypeError: NetworkError when attempting to fetch resource.
JavaScript error: , line 0: TypeError: NetworkError when attempting to fetch resource.
JavaScript error: , line 0: TypeError: NetworkError when attempting to fetch resource.
JavaScript warning: https://pagead2.googlesyndication.com/bg/568fMfmsPhabDhBQKM56ETVW7wyafyuYtNw47YmmG7Q.js line 2 > eval line 602 > eval line 1 > eval line 1 > eval, line 1: WEBGL_debug_renderer_info is deprecated in Firefox and will be removed. Please use RENDERER.
JavaScript warning: https://pagead2.googlesyndication.com/bg/PTWQOrfCOp17EyrMcPeT6PfhP85_faJCCfTgkqMfTIQ.js line 2 > eval line 7483 > eval line 1 > eval line 1 > eval, line 1: WEBGL_debug_renderer_info is deprecated in Firefox and will be removed. Please use RENDERER.
JavaScript warning: https://pagead2.googlesyndication.com/bg/568fMfmsPhabDhBQKM56ETVW7wyafyuYtNw47YmmG7Q.js line 2 > eval line 3426 > eval line 1 > eval line 1 > eval, line 1: WEBGL_debug_renderer_info is deprecated in Firefox and will be removed. Please use RENDERER.
JavaScript warning: https://pagead2.googlesyndication.com/bg/PTWQOrfCOp17EyrMcPeT6PfhP85_faJCCfTgkqMfTIQ.js line 2 > eval line 5703 > eval line 1 > eval line 1 > eval, line 1: WEBGL_debug_renderer_info is deprecated in Firefox and will be removed. Please use RENDERER.
JavaScript warning: https://pagead2.googlesyndication.com/bg/568fMfmsPhabDhBQKM56ETVW7wyafyuYtNw47YmmG7Q.js line 2 > eval line 3119 > eval line 1 > eval line 1 > eval, line 1: WEBGL_debug_renderer_info is deprecated in Firefox and will be removed. Please use RENDERER.
JavaScript error: https://www.toriihq.com/hs-fs/hub/4265482/hub_generated/template_assets/35027249304/1653509248633/Torii_Sep20/Files/Torii_Script_Sep20.min.js, line 1: ReferenceError: Swiper is not defined
JavaScript error: resource://gre/modules/XULStore.jsm, line 58: Error: Can't find profile directory.
JavaScript error: resource://gre/modules/XULStore.jsm, line 58: Error: Can't find profile directory.
JavaScript error: https://fast.wistia.com/assets/external/channel.js, line 1: Error: POST https://pipedream.wistia.com/mput?topic=metrics - Got an unsuccessful status code: 0. 
JavaScript error: https://www.toriihq.com/hs-fs/hub/4265482/hub_generated/template_assets/35027249304/1653509248633/Torii_Sep20/Files/Torii_Script_Sep20.min.js, line 1: ReferenceError: Swiper is not defined
JavaScript error: https://cdn-app.pathfactory.com/production/jukebox/current/jukebox.js, line 1: TypeError: document.body is null
JavaScript error: https://info.toriihq.com/hs-fs/hub/4265482/hub_generated/template_assets/35027249304/1653509248633/Torii_Sep20/Files/Torii_Script_Sep20.min.js, line 1: ReferenceError: Swiper is not defined
[Child 57642, MediaDecoderStateMachine #1] WARNING: Decoder=7f079e3a8a00 Decode error: NS_ERROR_DOM_MEDIA_FATAL_ERR (0x806e0005) - Error no decoder found for audio/mp4a-latm: file /build/firefox-5h8OA0/firefox-106.0.1+build1/dom/media/MediaDecoderStateMachineBase.cpp:151
JavaScript warning: https://fast.wistia.com/assets/external/E-v1.js, line 1: This error message will be blank when privacy.resistFingerprinting = true.  If it is really necessary, please add it to the whitelist in MediaError::GetMessage: NS_ERROR_DOM_MEDIA_FATAL_ERR (0x806e0005) - Error no decoder found for audio/mp4a-latm
[Child 57642, MediaDecoderStateMachine #1] WARNING: Decoder=7f079e3a8a00 Decode error: NS_ERROR_DOM_MEDIA_FATAL_ERR (0x806e0005) - Error no decoder found for video/avc: file /build/firefox-5h8OA0/firefox-106.0.1+build1/dom/media/MediaDecoderStateMachineBase.cpp:151
[Child 57642, MediaDecoderStateMachine #1] WARNING: Decoder=7f079f908300 Decode error: NS_ERROR_DOM_MEDIA_FATAL_ERR (0x806e0005) - Error no decoder found for audio/mp4a-latm: file /build/firefox-5h8OA0/firefox-106.0.1+build1/dom/media/MediaDecoderStateMachineBase.cpp:151
JavaScript warning: https://fast.wistia.com/assets/external/E-v1.js, line 1: This error message will be blank when privacy.resistFingerprinting = true.  If it is really necessary, please add it to the whitelist in MediaError::GetMessage: NS_ERROR_DOM_MEDIA_FATAL_ERR (0x806e0005) - Error no decoder found for audio/mp4a-latm
[Child 57642, MediaDecoderStateMachine #1] WARNING: Decoder=7f079f908300 Decode error: NS_ERROR_DOM_MEDIA_FATAL_ERR (0x806e0005) - Error no decoder found for video/avc: file /build/firefox-5h8OA0/firefox-106.0.1+build1/dom/media/MediaDecoderStateMachineBase.cpp:151
JavaScript error: , line 0: NotAllowedError: The play method is not allowed by the user agent or the platform in the current context, possibly because the user denied permission.
JavaScript error: https://www.toriihq.com/hs-fs/hub/4265482/hub_generated/template_assets/35027249304/1653509248633/Torii_Sep20/Files/Torii_Script_Sep20.min.js, line 1: ReferenceError: Swiper is not defined
JavaScript error: https://www.toriihq.com/hs-fs/hub/4265482/hub_generated/template_assets/46829565578/1620649731056/Torii_Sep20/Files/swiper.min.js, line 1: TypeError: $wrapperEl is undefined
JavaScript error: https://www.toriihq.com/hs-fs/hub/4265482/hub_generated/template_assets/46829565578/1620649731056/Torii_Sep20/Files/swiper.min.js, line 1: TypeError: $wrapperEl is undefined
[Child 57642, MediaDecoderStateMachine #1] WARNING: Decoder=7f079a153f00 Decode error: NS_ERROR_DOM_MEDIA_FATAL_ERR (0x806e0005) - Error no decoder found for video/avc: file /build/firefox-5h8OA0/firefox-106.0.1+build1/dom/media/MediaDecoderStateMachineBase.cpp:151
[Child 57642, MediaDecoderStateMachine #1] WARNING: Decoder=7f079864d500 Decode error: NS_ERROR_DOM_MEDIA_FATAL_ERR (0x806e0005) - Error no decoder found for video/avc: file /build/firefox-5h8OA0/firefox-106.0.1+build1/dom/media/MediaDecoderStateMachineBase.cpp:151
[Child 57642, MediaDecoderStateMachine #1] WARNING: Decoder=7f0798815800 Decode error: NS_ERROR_DOM_MEDIA_FATAL_ERR (0x806e0005) - Error no decoder found for video/avc: file /build/firefox-5h8OA0/firefox-106.0.1+build1/dom/media/MediaDecoderStateMachineBase.cpp:151
[Child 57642, MediaDecoderStateMachine #1] WARNING: Decoder=7f079864b400 Decode error: NS_ERROR_DOM_MEDIA_FATAL_ERR (0x806e0005) - Error no decoder found for video/avc: file /build/firefox-5h8OA0/firefox-106.0.1+build1/dom/media/MediaDecoderStateMachineBase.cpp:151
1666692175105	Marionette	INFO	Stopped listening on port 34367
Marionette threw an error: TypeError: browsingContext.currentWindowGlobal is null
getMarionetteCommandsActorProxy/get/<@chrome://remote/content/marionette/actors/MarionetteCommandsParent.jsm:337:29

console.warn: TopSitesFeed: Failed to fetch data from Contile server: NetworkError when attempting to fetch resource.
1666692175260	geckodriver::marionette	ERROR	Failed to close browser connection: Socket not connected (os error 107)
[2022-10-25T10:02:55Z ERROR glean_core] Can't persist ping lifetime data: Error { kind: Rkv(IoError(Os { code: 2, kind: NotFound, message: "No such file or directory" })) }
1666695524843	geckodriver	INFO	Listening on 127.0.0.1:57803
1666695524892	mozrunner::runner	INFO	Running command: "firefox" "--marionette" "--remote-debugging-port" "33645" "--remote-allow-hosts" "localhost" "-no-remote" "-profile" "/tmp/rust_mozprofilexwfBXr"
[GFX1-]: glxtest: VA-API test failed: missing or old libva-drm library.
1666695525265	Marionette	INFO	Marionette enabled
1666695525267	Marionette	INFO	Listening on port 46693
Read port: 46693
WebDriver BiDi listening on ws://127.0.0.1:33645
1666695525394	RemoteAgent	WARN	TLS certificate errors will be ignored for this session
console.warn: SearchSettings: "get: No settings file exists, new profile?" (new NotFoundError("Could not open the file at /tmp/rust_mozprofilexwfBXr/search.json.mozlz4", (void 0)))
DevTools listening on ws://127.0.0.1:33645/devtools/browser/e393706f-e43e-4735-b408-5f7cffa3fb9d
JavaScript warning: https://pagead2.googlesyndication.com/bg/zmeOo8ONk1YqWYD8DpPjl7c0n4Y1CeYWRiKSJrvfmvk.js line 2 > eval line 3994 > eval line 1 > eval line 1 > eval, line 1: WEBGL_debug_renderer_info is deprecated in Firefox and will be removed. Please use RENDERER.
JavaScript warning: https://pagead2.googlesyndication.com/bg/zmeOo8ONk1YqWYD8DpPjl7c0n4Y1CeYWRiKSJrvfmvk.js line 2 > eval line 4828 > eval line 1 > eval line 1 > eval, line 1: WEBGL_debug_renderer_info is deprecated in Firefox and will be removed. Please use RENDERER.
1666695648100	Marionette	INFO	Stopped listening on port 46693
JavaScript error: , line 0: TypeError: NetworkError when attempting to fetch resource.
JavaScript error: , line 0: TypeError: NetworkError when attempting to fetch resource.
Marionette threw an error: TypeError: browsingContext.currentWindowGlobal is null
getMarionetteCommandsActorProxy/get/<@chrome://remote/content/marionette/actors/MarionetteCommandsParent.jsm:337:29

JavaScript error: , line 0: TypeError: NetworkError when attempting to fetch resource.
JavaScript error: , line 0: TypeError: NetworkError when attempting to fetch resource.
1666695648158	geckodriver::marionette	ERROR	Failed to close browser connection: Socket not connected (os error 107)
[2022-10-25T11:00:48Z ERROR glean_core] Can't persist ping lifetime data: Error { kind: Rkv(IoError(Os { code: 2, kind: NotFound, message: "No such file or directory" })) }
1666695766108	geckodriver	INFO	Listening on 127.0.0.1:56075
1666695766155	mozrunner::runner	INFO	Running command: "firefox" "--marionette" "--remote-debugging-port" "36307" "--remote-allow-hosts" "localhost" "-no-remote" "-profile" "/tmp/rust_mozprofileQEiriM"
[GFX1-]: glxtest: VA-API test failed: missing or old libva-drm library.
1666695766559	Marionette	INFO	Marionette enabled
1666695766561	Marionette	INFO	Listening on port 43333
Read port: 43333
WebDriver BiDi listening on ws://127.0.0.1:36307
1666695766737	RemoteAgent	WARN	TLS certificate errors will be ignored for this session
console.warn: SearchSettings: "get: No settings file exists, new profile?" (new NotFoundError("Could not open the file at /tmp/rust_mozprofileQEiriM/search.json.mozlz4", (void 0)))
DevTools listening on ws://127.0.0.1:36307/devtools/browser/0856a785-89a8-4440-8a23-dae6d19d37e3
JavaScript warning: https://pagead2.googlesyndication.com/bg/zmeOo8ONk1YqWYD8DpPjl7c0n4Y1CeYWRiKSJrvfmvk.js line 2 > eval line 7022 > eval line 1 > eval line 1 > eval, line 1: WEBGL_debug_renderer_info is deprecated in Firefox and will be removed. Please use RENDERER.
JavaScript warning: https://pagead2.googlesyndication.com/bg/zmeOo8ONk1YqWYD8DpPjl7c0n4Y1CeYWRiKSJrvfmvk.js line 2 > eval line 2112 > eval line 1 > eval line 1 > eval, line 1: WEBGL_debug_renderer_info is deprecated in Firefox and will be removed. Please use RENDERER.
1666695874010	Marionette	INFO	Stopped listening on port 43333
1666695874037	geckodriver::marionette	ERROR	Failed to close browser connection: Socket not connected (os error 107)
JavaScript error: , line 0: TypeError: NetworkError when attempting to fetch resource.
JavaScript error: , line 0: TypeError: NetworkError when attempting to fetch resource.
JavaScript error: , line 0: TypeError: NetworkError when attempting to fetch resource.
JavaScript error: , line 0: TypeError: NetworkError when attempting to fetch resource.
JavaScript error: , line 0: TypeError: NetworkError when attempting to fetch resource.
JavaScript error: , line 0: TypeError: NetworkError when attempting to fetch resource.
JavaScript error: , line 0: TypeError: NetworkError when attempting to fetch resource.
JavaScript error: , line 0: TypeError: NetworkError when attempting to fetch resource.
Marionette threw an error: NoBrowsingContext: No BrowsingContext found
getMarionetteCommandsActorProxy/get/<@chrome://remote/content/marionette/actors/MarionetteCommandsParent.jsm:329:23
observe@resource://gre/modules/AsyncShutdown.jsm:576:16

JavaScript error: resource://gre/modules/AsyncShutdown.jsm, line 719: Error: Phase "Sqlite.jsm: wait until all connections are closed" is finished, it is too late to register completion condition "protections.sqlite#0: waiting for shutdown"
[2022-10-25T11:04:34Z ERROR glean_core] Can't persist ping lifetime data: Error { kind: Rkv(IoError(Os { code: 2, kind: NotFound, message: "No such file or directory" })) }
1666696446850	geckodriver	INFO	Listening on 127.0.0.1:56875
1666696446891	mozrunner::runner	INFO	Running command: "firefox" "--marionette" "--remote-debugging-port" "38947" "--remote-allow-hosts" "localhost" "-no-remote" "-profile" "/tmp/rust_mozprofileXWEIvZ"
[GFX1-]: glxtest: VA-API test failed: missing or old libva-drm library.
1666696447275	Marionette	INFO	Marionette enabled
1666696447278	Marionette	INFO	Listening on port 35419
Read port: 35419
WebDriver BiDi listening on ws://127.0.0.1:38947
1666696447430	RemoteAgent	WARN	TLS certificate errors will be ignored for this session
console.warn: SearchSettings: "get: No settings file exists, new profile?" (new NotFoundError("Could not open the file at /tmp/rust_mozprofileXWEIvZ/search.json.mozlz4", (void 0)))
DevTools listening on ws://127.0.0.1:38947/devtools/browser/6ad4a639-20d7-453a-8027-813b23a2661e
1666696460749	Marionette	INFO	Stopped listening on port 35419
console.warn: TopSitesFeed: Failed to fetch data from Contile server: NetworkError when attempting to fetch resource.
1666696488579	geckodriver	INFO	Listening on 127.0.0.1:46281
1666696488619	mozrunner::runner	INFO	Running command: "firefox" "--marionette" "--remote-debugging-port" "59469" "--remote-allow-hosts" "localhost" "-no-remote" "-profile" "/tmp/rust_mozprofileB1ozQ1"
[GFX1-]: glxtest: VA-API test failed: missing or old libva-drm library.
1666696489000	Marionette	INFO	Marionette enabled
1666696489003	Marionette	INFO	Listening on port 38851
Read port: 38851
WebDriver BiDi listening on ws://127.0.0.1:59469
1666696489128	RemoteAgent	WARN	TLS certificate errors will be ignored for this session
console.warn: SearchSettings: "get: No settings file exists, new profile?" (new NotFoundError("Could not open the file at /tmp/rust_mozprofileB1ozQ1/search.json.mozlz4", (void 0)))
DevTools listening on ws://127.0.0.1:59469/devtools/browser/9d931231-1eee-4b17-9f41-29cd1705ff85
Marionette threw an error: TypeError: this.curBrowser.contentBrowser is null
GeckoDriver.prototype.navigateTo@chrome://remote/content/marionette/driver.js:850:3

1666696500492	Marionette	INFO	Stopped listening on port 38851
console.warn: TopSitesFeed: Failed to fetch data from Contile server: NetworkError when attempting to fetch resource.
